<?xml version="1.0" encoding="UTF-8"?>
<!-- Generated by org.testng.reporters.JUnitReportReporter -->
<testsuite skipped="0" hostname="LAPTOP-ADCEUPHM" name="com.testcase.LoginTestCase" tests="1" failures="0" timestamp="30 Sep 2021 09:01:31 GMT" time="5.865" errors="0">
  <testcase name="login" time="5.865" classname="com.testcase.LoginTestCase"/>
</testsuite> <!-- com.testcase.LoginTestCase -->
